#
# A fatal error has been detected by the Java Runtime Environment:
#
#  SIGSEGV (0xb) at pc=0x0000000109cbc328, pid=6213, tid=0x0000000000004303
#
# JRE version: Java(TM) SE Runtime Environment (8.0_101-b13) (build 1.8.0_101-b13)
# Java VM: Java HotSpot(TM) 64-Bit Server VM (25.101-b13 mixed mode bsd-amd64 compressed oops)
# Problematic frame:
# V  [libjvm.dylib+0x4b2328]
#
# Failed to write core dump. Core dumps have been disabled. To enable core dumping, try "ulimit -c unlimited" before starting Java again
#
# If you would like to submit a bug report, please visit:
#   http://bugreport.java.com/bugreport/crash.jsp
#

---------------  T H R E A D  ---------------

Current thread (0x00007fa3e9036000):  JavaThread "C2 CompilerThread0" daemon [_thread_in_native, id=17155, stack(0x0000700000b3b000,0x0000700000c3b000)]

siginfo: si_signo: 11 (SIGSEGV), si_code: 0 (unknown), si_addr: 0x0000000000000000

Registers:
RAX=0x0000000000000000, RBX=0x00007fa3ea92b810, RCX=0x04007fa3e921e430, RDX=0x00007fa3e9ad3f58
RSP=0x0000700000c37320, RBP=0x0000700000c37360, RSI=0x0000000000000000, RDI=0x00007fa3ea92b810
R8 =0x0000000000000000, R9 =0x000000010a03d101, R10=0x00007fa3e9946801, R11=0x0000000000000ab0
R12=0x0000000000000000, R13=0x0000000000000001, R14=0x00007fa3e921b728, R15=0x00007fa3e921e3d8
RIP=0x0000000109cbc328, EFLAGS=0x0000000000010246, ERR=0x0000000000000000
  TRAPNO=0x000000000000000d

Top of Stack: (sp=0x0000700000c37320)
0x0000700000c37320:   0000700000c37330 00007fa3e9ad3ee8
0x0000700000c37330:   00007fa3e9ad3f50 00007fa3e921b728
0x0000700000c37340:   00007fa3e9947ef0 0000700000c39f01
0x0000700000c37350:   00007fa3e9949280 00007fa3e9947f10
0x0000700000c37360:   0000700000c37710 0000000109cdd1b3
0x0000700000c37370:   00007fa300000001 0000700000c39f80
0x0000700000c37380:   0000000120154cb0 0000000120050fb0
0x0000700000c37390:   0000700000c373b0 00007fa3e9947ef0
0x0000700000c373a0:   0000003b00c37400 0000000000000004
0x0000700000c373b0:   00007fa3e91df110 00007fa3e91df150
0x0000700000c373c0:   0000000000000000 000000012002e010
0x0000700000c373d0:   00007fa3ea38b430 0000000000000000
0x0000700000c373e0:   0000000000c384e0 000000012002e010
0x0000700000c373f0:   0000700000c385f0 0000000000000004
0x0000700000c37400:   ffffffff00000000 00007fa3e9946880
0x0000700000c37410:   00007fa3e9945230 00007fa3e9941610
0x0000700000c37420:   0000000100000002 00000001ffffffff
0x0000700000c37430:   0000000400000000 000000000001d7a8
0x0000700000c37440:   00007fa3e9949280 00007fa3e9947ed0
0x0000700000c37450:   0000000000000489 00007fa3e9949260
0x0000700000c37460:   00007fa300000003 0000000000000003
0x0000700000c37470:   0000000000000008 000000000000057c
0x0000700000c37480:   0000700000c384e0 00007fa3e921b728
0x0000700000c37490:   00007fa3ea38b420 0000000109abc2a4
0x0000700000c374a0:   0000700000c37810 0000000000000361
0x0000700000c374b0:   0000700000c374d0 0000000109abc406
0x0000700000c374c0:   00000f0600000000 0000700000c379c8
0x0000700000c374d0:   000070000000000f 00007fa3e90bba30
0x0000700000c374e0:   00000f0600000004 0000700000c379c8
0x0000700000c374f0:   000070000000000f 00007fa3e90b7e10
0x0000700000c37500:   000002c9201763b0 0000700000c379c8
0x0000700000c37510:   00007fa3e8c51420 00007fa3e8c51430 

Instructions: (pc=0x0000000109cbc328)
0x0000000109cbc308:   89 ff 48 89 da e8 08 80 c2 ff 41 ff c4 45 3b 6f
0x0000000109cbc318:   1c 73 cb 44 89 ee 89 f0 44 8d 6e 01 49 8b 4f 08
0x0000000109cbc328:   4c 39 34 c1 75 e7 41 3b 77 18 73 d3 4c 89 ff 48
0x0000000109cbc338:   89 da e8 93 67 bb ff eb d1 48 83 c4 18 5b 41 5c 

Register to memory mapping:

RAX=0x0000000000000000 is an unknown value
RBX=0x00007fa3ea92b810 is an unknown value
RCX=0x04007fa3e921e430 is an unknown value
RDX=0x00007fa3e9ad3f58 is an unknown value
RSP=0x0000700000c37320 is pointing into the stack for thread: 0x00007fa3e9036000
RBP=0x0000700000c37360 is pointing into the stack for thread: 0x00007fa3e9036000
RSI=0x0000000000000000 is an unknown value
RDI=0x00007fa3ea92b810 is an unknown value
R8 =0x0000000000000000 is an unknown value
R9 =0x000000010a03d101: _ZTV27InterpreterCodeletInterface+0x11 in /Library/Java/JavaVirtualMachines/jdk1.8.0_101.jdk/Contents/Home/jre/lib/server/libjvm.dylib at 0x000000010980a000
R10=0x00007fa3e9946801 is an unknown value
R11=0x0000000000000ab0 is an unknown value
R12=0x0000000000000000 is an unknown value
R13=0x0000000000000001 is an unknown value
R14=0x00007fa3e921b728 is an unknown value
R15=0x00007fa3e921e3d8 is an unknown value


Stack: [0x0000700000b3b000,0x0000700000c3b000],  sp=0x0000700000c37320,  free space=1008k
Native frames: (J=compiled Java code, j=interpreted, Vv=VM code, C=native code)
V  [libjvm.dylib+0x4b2328]
V  [libjvm.dylib+0x4d31b3]
V  [libjvm.dylib+0x16109d]
V  [libjvm.dylib+0x1aec36]
V  [libjvm.dylib+0x1b2db9]
V  [libjvm.dylib+0x1504ce]
V  [libjvm.dylib+0x1b644c]
V  [libjvm.dylib+0x1b8993]
V  [libjvm.dylib+0x5695ab]
V  [libjvm.dylib+0x56ac98]
V  [libjvm.dylib+0x48933a]
C  [libsystem_pthread.dylib+0x399d]  _pthread_body+0x83
C  [libsystem_pthread.dylib+0x391a]  _pthread_body+0x0
C  [libsystem_pthread.dylib+0x1351]  thread_start+0xd
C  0x0000000000000000


Current CompileTask:
C2:   4436  956       4       com.android.dx.ssa.SsaBasicBlock::forEachInsn (37 bytes)


---------------  P R O C E S S  ---------------

Java Threads: ( => current thread )
  0x00007fa3e98e1800 JavaThread "pool-2-thread-4" [_thread_in_vm, id=21763, stack(0x0000700001456000,0x0000700001556000)]
  0x00007fa3e9811000 JavaThread "pool-2-thread-3" [_thread_in_Java, id=21251, stack(0x0000700001353000,0x0000700001453000)]
  0x00007fa3e90b0000 JavaThread "pool-2-thread-2" [_thread_in_Java, id=20739, stack(0x0000700001250000,0x0000700001350000)]
  0x00007fa3ea11a000 JavaThread "pool-3-thread-1" [_thread_blocked, id=20227, stack(0x000070000114d000,0x000070000124d000)]
  0x00007fa3ea119000 JavaThread "pool-2-thread-1" [_thread_in_Java, id=19715, stack(0x000070000104a000,0x000070000114a000)]
  0x00007fa3e9800800 JavaThread "Service Thread" daemon [_thread_blocked, id=18691, stack(0x0000700000e44000,0x0000700000f44000)]
  0x00007fa3ea829800 JavaThread "C1 CompilerThread2" daemon [_thread_in_vm, id=18179, stack(0x0000700000d41000,0x0000700000e41000)]
  0x00007fa3ea828800 JavaThread "C2 CompilerThread1" daemon [_thread_in_native, id=17667, stack(0x0000700000c3e000,0x0000700000d3e000)]
=>0x00007fa3e9036000 JavaThread "C2 CompilerThread0" daemon [_thread_in_native, id=17155, stack(0x0000700000b3b000,0x0000700000c3b000)]
  0x00007fa3ea007000 JavaThread "Signal Dispatcher" daemon [_thread_blocked, id=13839, stack(0x0000700000a38000,0x0000700000b38000)]
  0x00007fa3ea858800 JavaThread "Finalizer" daemon [_thread_blocked, id=11779, stack(0x000070000082f000,0x000070000092f000)]
  0x00007fa3ea856000 JavaThread "Reference Handler" daemon [_thread_blocked, id=11267, stack(0x000070000072c000,0x000070000082c000)]
  0x00007fa3e900b000 JavaThread "main" [_thread_in_vm, id=4099, stack(0x0000700000084000,0x0000700000184000)]

Other Threads:
  0x00007fa3ea851800 VMThread [stack: 0x0000700000629000,0x0000700000729000] [id=10755]
  0x00007fa3e9037000 WatcherThread [stack: 0x0000700000f47000,0x0000700001047000] [id=19203]

VM state:synchronizing (normal execution)

VM Mutex/Monitor currently owned by a thread:  ([mutex/lock_event])
[0x00007fa3e8e02bf0] Safepoint_lock - owner thread: 0x00007fa3ea851800
[0x00007fa3e8e02c70] Threads_lock - owner thread: 0x00007fa3ea851800

Heap:
 PSYoungGen      total 76288K, used 28050K [0x00000007aab00000, 0x00000007b0000000, 0x00000007c0000000)
  eden space 65536K, 26% used [0x00000007aab00000,0x00000007abc038a0,0x00000007aeb00000)
  from space 10752K, 98% used [0x00000007aeb00000,0x00000007af561040,0x00000007af580000)
  to   space 10752K, 0% used [0x00000007af580000,0x00000007af580000,0x00000007b0000000)
 ParOldGen       total 175104K, used 16K [0x0000000780000000, 0x000000078ab00000, 0x00000007aab00000)
  object space 175104K, 0% used [0x0000000780000000,0x0000000780004000,0x000000078ab00000)
 Metaspace       used 5901K, capacity 6832K, committed 7040K, reserved 1056768K
  class space    used 598K, capacity 616K, committed 640K, reserved 1048576K

Card table byte_map: [0x000000011a3c4000,0x000000011a5c5000] byte_map_base: 0x00000001167c4000

Marking Bits: (ParMarkBitMap*) 0x000000010a0f7d20
 Begin Bits: [0x000000011a71b000, 0x000000011b71b000)
 End Bits:   [0x000000011b71b000, 0x000000011c71b000)

Polling page: 0x000000010a7ea000

CodeCache: size=245760Kb used=3687Kb max_used=3687Kb free=242072Kb
 bounds [0x000000010b004000, 0x000000010b3a4000, 0x000000011a004000]
 total_blobs=1266 nmethods=998 adapters=182
 compilation: enabled

Compilation events (10 events):
Event: 4.110 Thread 0x00007fa3ea829800 nmethod 1234 0x000000010b394e50 code [0x000000010b395000, 0x000000010b3953a8]
Event: 4.110 Thread 0x00007fa3ea829800 1237       2       com.android.dx.ssa.DomFront::calcDomFronts (154 bytes)
Event: 4.280 Thread 0x00007fa3ea829800 nmethod 1237 0x000000010b3956d0 code [0x000000010b3958e0, 0x000000010b396068]
Event: 4.280 Thread 0x00007fa3ea829800 1308 %     3       com.android.dx.ssa.SsaConverter::placePhiFunctions @ 103 (394 bytes)
Event: 4.389 Thread 0x00007fa3ea829800 nmethod 1308% 0x000000010b396ad0 code [0x000000010b3970a0, 0x000000010b39a9a8]
Event: 4.389 Thread 0x00007fa3ea829800 1353       1       com.android.dx.ssa.Optimizer::getAdvice (4 bytes)
Event: 4.389 Thread 0x00007fa3ea829800 nmethod 1353 0x000000010b39e410 code [0x000000010b39e560, 0x000000010b39e650]
Event: 4.389 Thread 0x00007fa3ea829800 1324 %     3       com.android.dx.ssa.SsaMethod::buildUseList @ 30 (112 bytes)
Event: 4.393 Thread 0x00007fa3ea829800 nmethod 1324% 0x000000010b39e6d0 code [0x000000010b39e960, 0x000000010b39fcf8]
Event: 4.394 Thread 0x00007fa3ea829800 1359 %     3       com.android.dx.ssa.DomFront::calcDomFronts @ 10 (154 bytes)

GC Heap History (2 events):
Event: 4.019 GC heap before
{Heap before GC invocations=1 (full 0):
 PSYoungGen      total 76288K, used 65536K [0x00000007aab00000, 0x00000007b0000000, 0x00000007c0000000)
  eden space 65536K, 100% used [0x00000007aab00000,0x00000007aeb00000,0x00000007aeb00000)
  from space 10752K, 0% used [0x00000007af580000,0x00000007af580000,0x00000007b0000000)
  to   space 10752K, 0% used [0x00000007aeb00000,0x00000007aeb00000,0x00000007af580000)
 ParOldGen       total 175104K, used 0K [0x0000000780000000, 0x000000078ab00000, 0x00000007aab00000)
  object space 175104K, 0% used [0x0000000780000000,0x0000000780000000,0x000000078ab00000)
 Metaspace       used 5879K, capacity 6832K, committed 7040K, reserved 1056768K
  class space    used 598K, capacity 616K, committed 640K, reserved 1048576K
Event: 4.035 GC heap after
Heap after GC invocations=1 (full 0):
 PSYoungGen      total 76288K, used 10628K [0x00000007aab00000, 0x00000007b0000000, 0x00000007c0000000)
  eden space 65536K, 0% used [0x00000007aab00000,0x00000007aab00000,0x00000007aeb00000)
  from space 10752K, 98% used [0x00000007aeb00000,0x00000007af561040,0x00000007af580000)
  to   space 10752K, 0% used [0x00000007af580000,0x00000007af580000,0x00000007b0000000)
 ParOldGen       total 175104K, used 16K [0x0000000780000000, 0x000000078ab00000, 0x00000007aab00000)
  object space 175104K, 0% used [0x0000000780000000,0x0000000780004000,0x000000078ab00000)
 Metaspace       used 5879K, capacity 6832K, committed 7040K, reserved 1056768K
  class space    used 598K, capacity 616K, committed 640K, reserved 1048576K
}

Deoptimization events (10 events):
Event: 1.793 Thread 0x00007fa3e90b0000 Uncommon trap: reason=class_check action=maybe_recompile pc=0x000000010b1cd298 method=java.util.HashMap.getNode(ILjava/lang/Object;)Ljava/util/HashMap$Node; @ 126
Event: 1.799 Thread 0x00007fa3e90b0000 Uncommon trap: reason=class_check action=maybe_recompile pc=0x000000010b1cd298 method=java.util.HashMap.getNode(ILjava/lang/Object;)Ljava/util/HashMap$Node; @ 126
Event: 1.799 Thread 0x00007fa3e90b0000 Uncommon trap: reason=class_check action=maybe_recompile pc=0x000000010b1cd298 method=java.util.HashMap.getNode(ILjava/lang/Object;)Ljava/util/HashMap$Node; @ 126
Event: 1.799 Thread 0x00007fa3e9811000 Uncommon trap: reason=class_check action=maybe_recompile pc=0x000000010b1caf34 method=java.util.HashMap.getNode(ILjava/lang/Object;)Ljava/util/HashMap$Node; @ 126
Event: 1.847 Thread 0x00007fa3e900b000 Uncommon trap: reason=unstable_if action=reinterpret pc=0x000000010b204f64 method=java.util.HashMap.getNode(ILjava/lang/Object;)Ljava/util/HashMap$Node; @ 62
Event: 2.319 Thread 0x00007fa3e90b0000 Uncommon trap: reason=bimorphic action=maybe_recompile pc=0x000000010b212578 method=java.util.HashMap.getNode(ILjava/lang/Object;)Ljava/util/HashMap$Node; @ 126
Event: 2.696 Thread 0x00007fa3e98e1800 Uncommon trap: reason=unstable_if action=reinterpret pc=0x000000010b275a84 method=com.android.dx.rop.code.RegisterSpec.equals(ILcom/android/dx/rop/type/TypeBearer;Lcom/android/dx/rop/code/LocalItem;)Z @ 42
Event: 3.187 Thread 0x00007fa3e98e1800 Uncommon trap: reason=bimorphic action=maybe_recompile pc=0x000000010b212578 method=java.util.HashMap.getNode(ILjava/lang/Object;)Ljava/util/HashMap$Node; @ 126
Event: 3.284 Thread 0x00007fa3e900b000 Uncommon trap: reason=null_check action=make_not_entrant pc=0x000000010b2ef5a4 method=com.android.dx.ssa.SsaRenamer.getLocalForNewReg(I)Lcom/android/dx/rop/code/LocalItem; @ 19
Event: 4.044 Thread 0x00007fa3e90b0000 Uncommon trap: reason=unstable_if action=reinterpret pc=0x000000010b23e61c method=com.android.dx.rop.cst.Constant.compareTo(Lcom/android/dx/rop/cst/Constant;)I @ 12

Internal exceptions (10 events):
Event: 0.394 Thread 0x00007fa3e900b000 Exception <a 'java/util/zip/ZipException'> (0x00000007aaba6b78) thrown at [/HUDSON3/workspace/8-2-build-macosx-x86_64/jdk8u101/7261/hotspot/src/share/vm/prims/jni.cpp, line 709]
Event: 0.394 Thread 0x00007fa3e900b000 Exception <a 'java/security/PrivilegedActionException'> (0x00000007aaba6d80) thrown at [/HUDSON3/workspace/8-2-build-macosx-x86_64/jdk8u101/7261/hotspot/src/share/vm/prims/jvm.cpp, line 1386]
Event: 0.394 Thread 0x00007fa3e900b000 Exception <a 'java/security/PrivilegedActionException'> (0x00000007aaba6f90) thrown at [/HUDSON3/workspace/8-2-build-macosx-x86_64/jdk8u101/7261/hotspot/src/share/vm/prims/jvm.cpp, line 1386]
Event: 0.395 Thread 0x00007fa3e900b000 Exception <a 'java/util/zip/ZipException'> (0x00000007aaba7d10) thrown at [/HUDSON3/workspace/8-2-build-macosx-x86_64/jdk8u101/7261/hotspot/src/share/vm/prims/jni.cpp, line 709]
Event: 0.395 Thread 0x00007fa3e900b000 Exception <a 'java/security/PrivilegedActionException'> (0x00000007aaba7f18) thrown at [/HUDSON3/workspace/8-2-build-macosx-x86_64/jdk8u101/7261/hotspot/src/share/vm/prims/jvm.cpp, line 1386]
Event: 0.395 Thread 0x00007fa3e900b000 Exception <a 'java/security/PrivilegedActionException'> (0x00000007aaba8128) thrown at [/HUDSON3/workspace/8-2-build-macosx-x86_64/jdk8u101/7261/hotspot/src/share/vm/prims/jvm.cpp, line 1386]
Event: 0.397 Thread 0x00007fa3e900b000 Exception <a 'java/util/zip/ZipException'> (0x00000007aabb9b30) thrown at [/HUDSON3/workspace/8-2-build-macosx-x86_64/jdk8u101/7261/hotspot/src/share/vm/prims/jni.cpp, line 709]
Event: 0.397 Thread 0x00007fa3e900b000 Exception <a 'java/security/PrivilegedActionException'> (0x00000007aabb9d38) thrown at [/HUDSON3/workspace/8-2-build-macosx-x86_64/jdk8u101/7261/hotspot/src/share/vm/prims/jvm.cpp, line 1386]
Event: 0.397 Thread 0x00007fa3e900b000 Exception <a 'java/security/PrivilegedActionException'> (0x00000007aabb9f48) thrown at [/HUDSON3/workspace/8-2-build-macosx-x86_64/jdk8u101/7261/hotspot/src/share/vm/prims/jvm.cpp, line 1386]
Event: 3.284 Thread 0x00007fa3e900b000 Implicit null exception at 0x000000010b2ecedd to 0x000000010b2ef55d

Events (10 events):
Event: 3.284 Thread 0x00007fa3e900b000 DEOPT PACKING pc=0x000000010b2ef5a4 sp=0x0000700000182740
Event: 3.284 Thread 0x00007fa3e900b000 DEOPT UNPACKING pc=0x000000010b009229 sp=0x0000700000182598 mode 2
Event: 3.505 loading class com/android/dx/cf/attrib/AttExceptions
Event: 3.505 loading class com/android/dx/cf/attrib/AttExceptions done
Event: 4.009 Executing VM operation: ParallelGCFailedAllocation
Event: 4.035 Executing VM operation: ParallelGCFailedAllocation done
Event: 4.044 Thread 0x00007fa3e90b0000 Uncommon trap: trap_request=0xffffff65 fr.pc=0x000000010b23e61c
Event: 4.044 Thread 0x00007fa3e90b0000 DEOPT PACKING pc=0x000000010b23e61c sp=0x000070000134ecb0
Event: 4.044 Thread 0x00007fa3e90b0000 DEOPT UNPACKING pc=0x000000010b009229 sp=0x000070000134ec70 mode 2
Event: 4.395 Executing VM operation: EnableBiasedLocking


Dynamic libraries:
0x000000000a23b000 	/System/Library/Frameworks/Cocoa.framework/Versions/A/Cocoa
0x000000000a23b000 	/System/Library/Frameworks/Security.framework/Versions/A/Security
0x000000000a23b000 	/System/Library/Frameworks/ApplicationServices.framework/Versions/A/ApplicationServices
0x000000000a23b000 	/usr/lib/libz.1.dylib
0x000000000a23b000 	/usr/lib/libSystem.B.dylib
0x000000000a23b000 	/usr/lib/libobjc.A.dylib
0x000000000a23b000 	/System/Library/Frameworks/CoreFoundation.framework/Versions/A/CoreFoundation
0x000000000a23b000 	/System/Library/Frameworks/Foundation.framework/Versions/C/Foundation
0x000000000a23b000 	/System/Library/Frameworks/AppKit.framework/Versions/C/AppKit
0x000000000a23b000 	/System/Library/Frameworks/CoreData.framework/Versions/A/CoreData
0x000000000a23b000 	/System/Library/PrivateFrameworks/RemoteViewServices.framework/Versions/A/RemoteViewServices
0x000000000a23b000 	/System/Library/PrivateFrameworks/UIFoundation.framework/Versions/A/UIFoundation
0x000000000a23b000 	/usr/lib/libScreenReader.dylib
0x000000000a23b000 	/System/Library/Frameworks/Accelerate.framework/Versions/A/Accelerate
0x000000000a23b000 	/System/Library/Frameworks/IOSurface.framework/Versions/A/IOSurface
0x000000000a23b000 	/System/Library/Frameworks/AudioToolbox.framework/Versions/A/AudioToolbox
0x000000000a23b000 	/System/Library/Frameworks/AudioUnit.framework/Versions/A/AudioUnit
0x000000000a23b000 	/System/Library/PrivateFrameworks/DataDetectorsCore.framework/Versions/A/DataDetectorsCore
0x000000000a23b000 	/System/Library/PrivateFrameworks/DesktopServicesPriv.framework/Versions/A/DesktopServicesPriv
0x000000000a23b000 	/System/Library/Frameworks/Carbon.framework/Versions/A/Frameworks/HIToolbox.framework/Versions/A/HIToolbox
0x000000000a23b000 	/System/Library/Frameworks/QuartzCore.framework/Versions/A/QuartzCore
0x000000000a23b000 	/System/Library/Frameworks/Carbon.framework/Versions/A/Frameworks/SpeechRecognition.framework/Versions/A/SpeechRecognition
0x000000000a23b000 	/usr/lib/libauto.dylib
0x000000000a23b000 	/usr/lib/libicucore.A.dylib
0x000000000a23b000 	/usr/lib/libxml2.2.dylib
0x000000000a23b000 	/System/Library/PrivateFrameworks/CoreUI.framework/Versions/A/CoreUI
0x000000000a23b000 	/System/Library/Frameworks/CoreAudio.framework/Versions/A/CoreAudio
0x000000000a23b000 	/System/Library/Frameworks/DiskArbitration.framework/Versions/A/DiskArbitration
0x000000000a23b000 	/usr/lib/liblangid.dylib
0x000000000a23b000 	/System/Library/PrivateFrameworks/MultitouchSupport.framework/Versions/A/MultitouchSupport
0x000000000a23b000 	/System/Library/Frameworks/IOKit.framework/Versions/A/IOKit
0x000000000a23b000 	/usr/lib/libDiagnosticMessagesClient.dylib
0x000000000a23b000 	/System/Library/Frameworks/CoreServices.framework/Versions/A/CoreServices
0x000000000a23b000 	/System/Library/PrivateFrameworks/PerformanceAnalysis.framework/Versions/A/PerformanceAnalysis
0x000000000a23b000 	/System/Library/PrivateFrameworks/GenerationalStorage.framework/Versions/A/GenerationalStorage
0x000000000a23b000 	/System/Library/Frameworks/OpenGL.framework/Versions/A/OpenGL
0x000000000a23b000 	/System/Library/PrivateFrameworks/Sharing.framework/Versions/A/Sharing
0x000000000a23b000 	/System/Library/Frameworks/CoreGraphics.framework/Versions/A/CoreGraphics
0x000000000a23b000 	/System/Library/Frameworks/CoreImage.framework/Versions/A/CoreImage
0x000000000a23b000 	/System/Library/Frameworks/CoreText.framework/Versions/A/CoreText
0x000000000a23b000 	/System/Library/Frameworks/ImageIO.framework/Versions/A/ImageIO
0x000000000a23b000 	/System/Library/PrivateFrameworks/Backup.framework/Versions/A/Backup
0x000000000a23b000 	/usr/lib/libextension.dylib
0x000000000a23b000 	/usr/lib/libarchive.2.dylib
0x000000000a23b000 	/System/Library/Frameworks/CFNetwork.framework/Versions/A/CFNetwork
0x000000000a23b000 	/System/Library/Frameworks/SystemConfiguration.framework/Versions/A/SystemConfiguration
0x000000000a23b000 	/usr/lib/libCRFSuite.dylib
0x000000000a23b000 	/usr/lib/libc++.1.dylib
0x000000000a23b000 	/usr/lib/libc++abi.dylib
0x000000000a23b000 	/usr/lib/system/libcache.dylib
0x000000000a23b000 	/usr/lib/system/libcommonCrypto.dylib
0x000000000a23b000 	/usr/lib/system/libcompiler_rt.dylib
0x000000000a23b000 	/usr/lib/system/libcopyfile.dylib
0x000000000a23b000 	/usr/lib/system/libcorecrypto.dylib
0x000000000a23b000 	/usr/lib/system/libdispatch.dylib
0x000000000a23b000 	/usr/lib/system/libdyld.dylib
0x000000000a23b000 	/usr/lib/system/libkeymgr.dylib
0x000000000a23b000 	/usr/lib/system/liblaunch.dylib
0x000000000a23b000 	/usr/lib/system/libmacho.dylib
0x000000000a23b000 	/usr/lib/system/libquarantine.dylib
0x000000000a23b000 	/usr/lib/system/libremovefile.dylib
0x000000000a23b000 	/usr/lib/system/libsystem_asl.dylib
0x000000000a23b000 	/usr/lib/system/libsystem_blocks.dylib
0x000000000a23b000 	/usr/lib/system/libsystem_c.dylib
0x000000000a23b000 	/usr/lib/system/libsystem_configuration.dylib
0x000000000a23b000 	/usr/lib/system/libsystem_coreservices.dylib
0x000000000a23b000 	/usr/lib/system/libsystem_coretls.dylib
0x000000000a23b000 	/usr/lib/system/libsystem_dnssd.dylib
0x000000000a23b000 	/usr/lib/system/libsystem_info.dylib
0x000000000a23b000 	/usr/lib/system/libsystem_kernel.dylib
0x000000000a23b000 	/usr/lib/system/libsystem_m.dylib
0x000000000a23b000 	/usr/lib/system/libsystem_malloc.dylib
0x000000000a23b000 	/usr/lib/system/libsystem_network.dylib
0x000000000a23b000 	/usr/lib/system/libsystem_networkextension.dylib
0x000000000a23b000 	/usr/lib/system/libsystem_notify.dylib
0x000000000a23b000 	/usr/lib/system/libsystem_platform.dylib
0x000000000a23b000 	/usr/lib/system/libsystem_pthread.dylib
0x000000000a23b000 	/usr/lib/system/libsystem_sandbox.dylib
0x000000000a23b000 	/usr/lib/system/libsystem_secinit.dylib
0x000000000a23b000 	/usr/lib/system/libsystem_trace.dylib
0x000000000a23b000 	/usr/lib/system/libunc.dylib
0x000000000a23b000 	/usr/lib/system/libunwind.dylib
0x000000000a23b000 	/usr/lib/system/libxpc.dylib
0x000000000a23b000 	/usr/lib/libenergytrace.dylib
0x000000000a23b000 	/usr/lib/libbsm.0.dylib
0x000000000a23b000 	/usr/lib/system/libkxld.dylib
0x000000000a23b000 	/usr/lib/libxar.1.dylib
0x000000000a23b000 	/usr/lib/libsqlite3.dylib
0x000000000a23b000 	/usr/lib/libpam.2.dylib
0x000000000a23b000 	/usr/lib/libOpenScriptingUtil.dylib
0x000000000a23b000 	/usr/lib/libbz2.1.0.dylib
0x000000000a23b000 	/usr/lib/liblzma.5.dylib
0x000000000a23b000 	/System/Library/Frameworks/CoreServices.framework/Versions/A/Frameworks/FSEvents.framework/Versions/A/FSEvents
0x000000000a23b000 	/System/Library/Frameworks/CoreServices.framework/Versions/A/Frameworks/CarbonCore.framework/Versions/A/CarbonCore
0x000000000a23b000 	/System/Library/Frameworks/CoreServices.framework/Versions/A/Frameworks/Metadata.framework/Versions/A/Metadata
0x000000000a23b000 	/System/Library/Frameworks/CoreServices.framework/Versions/A/Frameworks/OSServices.framework/Versions/A/OSServices
0x000000000a23b000 	/System/Library/Frameworks/CoreServices.framework/Versions/A/Frameworks/SearchKit.framework/Versions/A/SearchKit
0x000000000a23b000 	/System/Library/Frameworks/CoreServices.framework/Versions/A/Frameworks/AE.framework/Versions/A/AE
0x000000000a23b000 	/System/Library/Frameworks/CoreServices.framework/Versions/A/Frameworks/LaunchServices.framework/Versions/A/LaunchServices
0x000000000a23b000 	/System/Library/Frameworks/CoreServices.framework/Versions/A/Frameworks/DictionaryServices.framework/Versions/A/DictionaryServices
0x000000000a23b000 	/System/Library/Frameworks/CoreServices.framework/Versions/A/Frameworks/SharedFileList.framework/Versions/A/SharedFileList
0x000000000a23b000 	/System/Library/Frameworks/NetFS.framework/Versions/A/NetFS
0x000000000a23b000 	/System/Library/PrivateFrameworks/NetAuth.framework/Versions/A/NetAuth
0x000000000a23b000 	/System/Library/PrivateFrameworks/login.framework/Versions/A/Frameworks/loginsupport.framework/Versions/A/loginsupport
0x000000000a23b000 	/System/Library/PrivateFrameworks/TCC.framework/Versions/A/TCC
0x000000000a23b000 	/usr/lib/libmecabra.dylib
0x000000000a23b000 	/System/Library/Frameworks/ApplicationServices.framework/Versions/A/Frameworks/ATS.framework/Versions/A/ATS
0x000000000a23b000 	/System/Library/Frameworks/ApplicationServices.framework/Versions/A/Frameworks/ColorSync.framework/Versions/A/ColorSync
0x000000000a23b000 	/System/Library/Frameworks/ApplicationServices.framework/Versions/A/Frameworks/HIServices.framework/Versions/A/HIServices
0x000000000a23b000 	/System/Library/Frameworks/ApplicationServices.framework/Versions/A/Frameworks/LangAnalysis.framework/Versions/A/LangAnalysis
0x000000000a23b000 	/System/Library/Frameworks/ApplicationServices.framework/Versions/A/Frameworks/PrintCore.framework/Versions/A/PrintCore
0x000000000a23b000 	/System/Library/Frameworks/ApplicationServices.framework/Versions/A/Frameworks/QD.framework/Versions/A/QD
0x000000000a23b000 	/System/Library/Frameworks/ApplicationServices.framework/Versions/A/Frameworks/SpeechSynthesis.framework/Versions/A/SpeechSynthesis
0x000000000a23b000 	/System/Library/Frameworks/Metal.framework/Versions/A/Metal
0x000000000a23b000 	/System/Library/Frameworks/Accelerate.framework/Versions/A/Frameworks/vImage.framework/Versions/A/vImage
0x000000000a23b000 	/System/Library/Frameworks/Accelerate.framework/Versions/A/Frameworks/vecLib.framework/Versions/A/vecLib
0x000000000a23b000 	/System/Library/Frameworks/Accelerate.framework/Versions/A/Frameworks/vecLib.framework/Versions/A/libvDSP.dylib
0x000000000a23b000 	/System/Library/Frameworks/Accelerate.framework/Versions/A/Frameworks/vecLib.framework/Versions/A/libvMisc.dylib
0x000000000a23b000 	/System/Library/Frameworks/Accelerate.framework/Versions/A/Frameworks/vecLib.framework/Versions/A/libLAPACK.dylib
0x000000000a23b000 	/System/Library/Frameworks/Accelerate.framework/Versions/A/Frameworks/vecLib.framework/Versions/A/libBLAS.dylib
0x000000000a23b000 	/System/Library/Frameworks/Accelerate.framework/Versions/A/Frameworks/vecLib.framework/Versions/A/libLinearAlgebra.dylib
0x000000000a23b000 	/System/Library/Frameworks/Accelerate.framework/Versions/A/Frameworks/vecLib.framework/Versions/A/libSparseBLAS.dylib
0x000000000a23b000 	/System/Library/PrivateFrameworks/GPUCompiler.framework/libmetal_timestamp.dylib
0x000000000a23b000 	/System/Library/Frameworks/OpenGL.framework/Versions/A/Libraries/libCoreFSCache.dylib
0x000000000a23b000 	/System/Library/PrivateFrameworks/IOAccelerator.framework/Versions/A/IOAccelerator
0x000000000a23b000 	/System/Library/Frameworks/ApplicationServices.framework/Versions/A/Frameworks/ATS.framework/Versions/A/Resources/libFontParser.dylib
0x000000000a23b000 	/System/Library/Frameworks/ApplicationServices.framework/Versions/A/Frameworks/ATS.framework/Versions/A/Resources/libFontRegistry.dylib
0x000000000a23b000 	/System/Library/PrivateFrameworks/AppleVPA.framework/Versions/A/AppleVPA
0x000000000a23b000 	/System/Library/PrivateFrameworks/AppleJPEG.framework/Versions/A/AppleJPEG
0x000000000a23b000 	/System/Library/Frameworks/ImageIO.framework/Versions/A/Resources/libJPEG.dylib
0x000000000a23b000 	/System/Library/Frameworks/ImageIO.framework/Versions/A/Resources/libTIFF.dylib
0x000000000a23b000 	/System/Library/Frameworks/ImageIO.framework/Versions/A/Resources/libPng.dylib
0x000000000a23b000 	/System/Library/Frameworks/ImageIO.framework/Versions/A/Resources/libGIF.dylib
0x000000000a23b000 	/System/Library/Frameworks/ImageIO.framework/Versions/A/Resources/libJP2.dylib
0x000000000a23b000 	/System/Library/Frameworks/ImageIO.framework/Versions/A/Resources/libRadiance.dylib
0x000000000a23b000 	/System/Library/Frameworks/CoreVideo.framework/Versions/A/CoreVideo
0x000000000a23b000 	/System/Library/Frameworks/OpenGL.framework/Versions/A/Libraries/libGLU.dylib
0x000000000a23b000 	/System/Library/Frameworks/OpenGL.framework/Versions/A/Libraries/libGFXShared.dylib
0x000000000a23b000 	/System/Library/Frameworks/OpenGL.framework/Versions/A/Libraries/libGL.dylib
0x000000000a23b000 	/System/Library/Frameworks/OpenGL.framework/Versions/A/Libraries/libGLImage.dylib
0x000000000a23b000 	/System/Library/Frameworks/OpenGL.framework/Versions/A/Libraries/libCVMSPluginSupport.dylib
0x000000000a23b000 	/System/Library/Frameworks/OpenGL.framework/Versions/A/Libraries/libCoreVMClient.dylib
0x000000000a23b000 	/usr/lib/libcompression.dylib
0x000000000a23b000 	/usr/lib/libcups.2.dylib
0x000000000a23b000 	/System/Library/Frameworks/Kerberos.framework/Versions/A/Kerberos
0x000000000a23b000 	/System/Library/Frameworks/GSS.framework/Versions/A/GSS
0x000000000a23b000 	/usr/lib/libresolv.9.dylib
0x000000000a23b000 	/usr/lib/libiconv.2.dylib
0x000000000a23b000 	/System/Library/PrivateFrameworks/Heimdal.framework/Versions/A/Heimdal
0x000000000a23b000 	/usr/lib/libheimdal-asn1.dylib
0x000000000a23b000 	/System/Library/Frameworks/OpenDirectory.framework/Versions/A/OpenDirectory
0x000000000a23b000 	/System/Library/PrivateFrameworks/CommonAuth.framework/Versions/A/CommonAuth
0x000000000a23b000 	/System/Library/Frameworks/OpenDirectory.framework/Versions/A/Frameworks/CFOpenDirectory.framework/Versions/A/CFOpenDirectory
0x000000000a23b000 	/System/Library/Frameworks/SecurityFoundation.framework/Versions/A/SecurityFoundation
0x000000000a23b000 	/System/Library/PrivateFrameworks/LanguageModeling.framework/Versions/A/LanguageModeling
0x000000000a23b000 	/usr/lib/libmarisa.dylib
0x000000000a23b000 	/usr/lib/libChineseTokenizer.dylib
0x000000000a23b000 	/usr/lib/libcmph.dylib
0x000000000a23b000 	/System/Library/Frameworks/ServiceManagement.framework/Versions/A/ServiceManagement
0x000000000a23b000 	/usr/lib/libxslt.1.dylib
0x000000000a23b000 	/System/Library/Frameworks/Carbon.framework/Versions/A/Frameworks/Ink.framework/Versions/A/Ink
0x000000000a23b000 	/usr/lib/libFosl_dynamic.dylib
0x000000000a23b000 	/System/Library/PrivateFrameworks/FaceCore.framework/Versions/A/FaceCore
0x000000000a23b000 	/System/Library/Frameworks/OpenCL.framework/Versions/A/OpenCL
0x000000000a23b000 	/System/Library/PrivateFrameworks/CrashReporterSupport.framework/Versions/A/CrashReporterSupport
0x000000000a23b000 	/System/Library/PrivateFrameworks/IconServices.framework/Versions/A/IconServices
0x000000000a23b000 	/System/Library/PrivateFrameworks/Apple80211.framework/Versions/A/Apple80211
0x000000000a23b000 	/System/Library/Frameworks/CoreWLAN.framework/Versions/A/CoreWLAN
0x000000000a23b000 	/System/Library/Frameworks/IOBluetooth.framework/Versions/A/IOBluetooth
0x000000000a23b000 	/System/Library/PrivateFrameworks/CoreWiFi.framework/Versions/A/CoreWiFi
0x000000000a23b000 	/System/Library/Frameworks/CoreBluetooth.framework/Versions/A/CoreBluetooth
0x000000000a23b000 	/System/Library/PrivateFrameworks/ChunkingLibrary.framework/Versions/A/ChunkingLibrary
0x000000000a23b000 	/System/Library/PrivateFrameworks/DebugSymbols.framework/Versions/A/DebugSymbols
0x000000000a23b000 	/System/Library/PrivateFrameworks/CoreSymbolication.framework/Versions/A/CoreSymbolication
0x000000000a23b000 	/System/Library/PrivateFrameworks/Symbolication.framework/Versions/A/Symbolication
0x000000000a23b000 	/System/Library/PrivateFrameworks/SpeechRecognitionCore.framework/Versions/A/SpeechRecognitionCore
0x000000010980a000 	/Library/Java/JavaVirtualMachines/jdk1.8.0_101.jdk/Contents/Home/jre/lib/server/libjvm.dylib
0x000000000a23b000 	/usr/lib/libstdc++.6.dylib
0x000000010a7a7000 	/Library/Java/JavaVirtualMachines/jdk1.8.0_101.jdk/Contents/Home/jre/lib/libverify.dylib
0x000000010a7b5000 	/Library/Java/JavaVirtualMachines/jdk1.8.0_101.jdk/Contents/Home/jre/lib/libjava.dylib
0x000000010a7f4000 	/Library/Java/JavaVirtualMachines/jdk1.8.0_101.jdk/Contents/Home/jre/lib/libzip.dylib
0x000000011e3fe000 	/System/Library/Frameworks/JavaVM.framework/Frameworks/JavaRuntimeSupport.framework/JavaRuntimeSupport
0x000000011e419000 	/System/Library/Frameworks/JavaVM.framework/Versions/A/Frameworks/JavaNativeFoundation.framework/Versions/A/JavaNativeFoundation
0x000000011e42e000 	/System/Library/Frameworks/JavaVM.framework/Versions/A/JavaVM
0x000000000a23b000 	/System/Library/Frameworks/Carbon.framework/Versions/A/Carbon
0x000000011e43b000 	/System/Library/PrivateFrameworks/JavaLaunching.framework/Versions/A/JavaLaunching
0x000000000a23b000 	/System/Library/Frameworks/Carbon.framework/Versions/A/Frameworks/CommonPanels.framework/Versions/A/CommonPanels
0x000000000a23b000 	/System/Library/Frameworks/Carbon.framework/Versions/A/Frameworks/Help.framework/Versions/A/Help
0x000000000a23b000 	/System/Library/Frameworks/Carbon.framework/Versions/A/Frameworks/ImageCapture.framework/Versions/A/ImageCapture
0x000000000a23b000 	/System/Library/Frameworks/Carbon.framework/Versions/A/Frameworks/OpenScripting.framework/Versions/A/OpenScripting
0x000000000a23b000 	/System/Library/Frameworks/Carbon.framework/Versions/A/Frameworks/Print.framework/Versions/A/Print
0x000000000a23b000 	/System/Library/Frameworks/Carbon.framework/Versions/A/Frameworks/SecurityHI.framework/Versions/A/SecurityHI

VM Arguments:
jvm_args: -Djava.awt.headless=true -Xmx1024M -Dfile.encoding=UTF-8 -Duser.country=US -Duser.language=en -Duser.variant 
java_command: com.android.dx.command.Main --dex --force-jumbo --num-threads=4 --multi-dex --output /Users/arjaireynolds/Documents/Capstone-Project/Wearable_Remake/app/build/intermediates/transforms/dex/debug/folders/1000/10/com.android.support-appcompat-v7-24.2.0_3db7f41b1b514661a129d6f738587d3572364d6e /Users/arjaireynolds/Documents/Capstone-Project/Wearable_Remake/app/build/intermediates/exploded-aar/com.android.support/appcompat-v7/24.2.0/jars/classes.jar
java_class_path (initial): /Users/arjaireynolds/Library/Android/sdk/build-tools/24.0.2/lib/dx.jar
Launcher Type: SUN_STANDARD

Environment Variables:
PATH=/usr/bin:/bin:/usr/sbin:/sbin
SHELL=/bin/bash

Signal Handlers:
SIGSEGV: [libjvm.dylib+0x5af145], sa_mask[0]=11111111011111110111111111111111, sa_flags=SA_ONSTACK|SA_RESTART|SA_SIGINFO
SIGBUS: [libjvm.dylib+0x5af145], sa_mask[0]=11111111011111110111111111111111, sa_flags=SA_RESTART|SA_SIGINFO
SIGFPE: [libjvm.dylib+0x48694c], sa_mask[0]=11111111011111110111111111111111, sa_flags=SA_RESTART|SA_SIGINFO
SIGPIPE: [libjvm.dylib+0x48694c], sa_mask[0]=11111111011111110111111111111111, sa_flags=SA_RESTART|SA_SIGINFO
SIGXFSZ: [libjvm.dylib+0x48694c], sa_mask[0]=11111111011111110111111111111111, sa_flags=SA_RESTART|SA_SIGINFO
SIGILL: [libjvm.dylib+0x48694c], sa_mask[0]=11111111011111110111111111111111, sa_flags=SA_RESTART|SA_SIGINFO
SIGUSR1: SIG_DFL, sa_mask[0]=00000000000000000000000000000000, sa_flags=none
SIGUSR2: [libjvm.dylib+0x48646a], sa_mask[0]=00100000000000000000000000000000, sa_flags=SA_RESTART|SA_SIGINFO
SIGHUP: [libjvm.dylib+0x484a41], sa_mask[0]=11111111011111110111111111111111, sa_flags=SA_RESTART|SA_SIGINFO
SIGINT: [libjvm.dylib+0x484a41], sa_mask[0]=11111111011111110111111111111111, sa_flags=SA_RESTART|SA_SIGINFO
SIGTERM: [libjvm.dylib+0x484a41], sa_mask[0]=11111111011111110111111111111111, sa_flags=SA_RESTART|SA_SIGINFO
SIGQUIT: [libjvm.dylib+0x484a41], sa_mask[0]=11111111011111110111111111111111, sa_flags=SA_RESTART|SA_SIGINFO


---------------  S Y S T E M  ---------------

OS:Bsduname:Darwin 15.6.0 Darwin Kernel Version 15.6.0: Mon Aug 29 20:21:34 PDT 2016; root:xnu-3248.60.11~1/RELEASE_X86_64 x86_64
rlimit: STACK 8192k, CORE 0k, NPROC 709, NOFILE 10240, AS infinity
load average:89.61 21.86 10.62

CPU:total 4 (2 cores per cpu, 2 threads per core) family 6 model 69 stepping 1, cmov, cx8, fxsr, mmx, sse, sse2, sse3, ssse3, sse4.1, sse4.2, popcnt, avx, avx2, aes, clmul, erms, lzcnt, ht, tsc, tscinvbit, bmi1, bmi2

Memory: 4k page, physical 16777216k(2249520k free)

/proc/meminfo:


vm_info: Java HotSpot(TM) 64-Bit Server VM (25.101-b13) for bsd-amd64 JRE (1.8.0_101-b13), built on Jun 22 2016 02:42:15 by "java_re" with gcc 4.2.1 (Based on Apple Inc. build 5658) (LLVM build 2336.11.00)

time: Sat Sep 17 14:39:30 2016
elapsed time: 4 seconds (0d 0h 0m 4s)

