JvmtiExport can_access_local_variables 0
JvmtiExport can_hotswap_or_post_breakpoint 0
JvmtiExport can_post_on_exceptions 0
# 346 ciObject found
ciMethod java/lang/Object <init> ()V 4097 1 272719 0 0
ciMethod java/lang/Object getClass ()Ljava/lang/Class; 5121 1 640 0 -1
ciMethod java/lang/Object hashCode ()I 2049 1 256 0 -1
ciMethod java/lang/Object equals (Ljava/lang/Object;)Z 4097 1 12809 0 0
ciMethod java/lang/String compareTo (Ljava/lang/String;)I 1041 32153 2535 0 -1
ciMethod java/lang/Class getName ()Ljava/lang/String; 249 1 31 0 -1
ciMethod java/lang/RuntimeException <init> (Ljava/lang/String;)V 0 0 1 0 -1
ciMethod java/lang/NullPointerException <init> (Ljava/lang/String;)V 0 0 1 0 -1
ciMethod java/util/ArrayList ensureCapacity (I)V 4097 1 12630 0 -1
ciMethod java/util/ArrayList ensureCapacityInternal (I)V 785 1 30962 0 0
ciMethod java/util/ArrayList ensureExplicitCapacity (I)V 785 1 33761 0 576
ciMethod java/util/ArrayList grow (I)V 228689 1 6421 0 0
ciMethod java/util/ArrayList hugeCapacity (I)I 0 0 1 0 -1
ciMethod java/util/ArrayList size ()I 1169 1 146 0 0
ciMethod java/util/ArrayList elementData (I)Ljava/lang/Object; 2177 1 123929 0 128
ciMethod java/util/ArrayList get (I)Ljava/lang/Object; 2137 1 119736 0 160
ciMethod java/util/ArrayList set (ILjava/lang/Object;)Ljava/lang/Object; 4097 1 2917 0 -1
ciMethod java/util/ArrayList add (Ljava/lang/Object;)Z 785 1 30222 0 768
ciMethod java/util/ArrayList remove (Ljava/lang/Object;)Z 39081 90209 2948 0 -1
ciMethod java/util/ArrayList rangeCheck (I)V 2153 1 123944 0 64
ciMethod java/util/HashMap hash (Ljava/lang/Object;)I 2713 1 73726 0 160
ciMethod java/util/HashMap get (Ljava/lang/Object;)Ljava/lang/Object; 2145 1 47385 0 -1
ciMethod java/util/HashMap put (Ljava/lang/Object;Ljava/lang/Object;)Ljava/lang/Object; 1745 1 11235 0 0
ciMethod java/util/HashMap putVal (ILjava/lang/Object;Ljava/lang/Object;ZZ)Ljava/lang/Object; 1745 97 12863 0 0
ciMethod java/util/HashMap resize ()[Ljava/util/HashMap$Node; 329 6081 1825 0 0
ciMethod java/util/HashMap treeifyBin ([Ljava/util/HashMap$Node;I)V 0 0 1 0 -1
ciMethod java/util/HashMap newNode (ILjava/lang/Object;Ljava/lang/Object;Ljava/util/HashMap$Node;)Ljava/util/HashMap$Node; 3145 1 10917 0 0
ciMethod java/util/HashMap afterNodeAccess (Ljava/util/HashMap$Node;)V 11841 1 1914 0 0
ciMethod java/util/HashMap afterNodeInsertion (Z)V 3145 1 2200 0 0
ciMethod java/util/HashMap$Node <init> (ILjava/lang/Object;Ljava/lang/Object;Ljava/util/HashMap$Node;)V 3305 1 10949 0 0
ciMethod java/lang/Math max (II)I 569 1 24817 0 -1
ciMethod java/util/Arrays equals ([Ljava/lang/Object;[Ljava/lang/Object;)Z 4097 121 19071 0 2016
ciMethod java/util/Arrays copyOf ([Ljava/lang/Object;I)[Ljava/lang/Object; 2433 1 24153 0 0
ciMethod java/util/Arrays copyOf ([Ljava/lang/Object;ILjava/lang/Class;)[Ljava/lang/Object; 2521 1 24165 0 -1
ciMethodData java/lang/Object <init> ()V 2 272719 orig 264 48 167 13 10 1 0 0 0 128 244 146 28 1 0 0 0 32 1 0 0 0 0 0 0 0 0 0 0 0 0 0 0 0 0 0 0 0 0 0 0 0 0 0 0 0 0 0 0 0 0 0 0 0 0 0 0 0 0 0 0 0 0 0 0 0 0 0 0 0 0 0 0 0 0 0 0 0 0 0 0 77 68 79 32 101 120 116 114 97 32 100 97 116 97 32 108 111 99 107 0 0 0 0 0 0 0 0 0 0 0 0 0 0 0 0 0 0 0 0 0 0 0 0 0 0 0 0 0 0 0 0 0 0 0 0 0 0 0 0 0 0 0 0 0 0 0 0 0 0 0 0 0 0 0 0 0 0 0 0 0 0 0 0 0 0 0 0 0 0 0 0 0 0 0 0 0 0 0 0 0 0 0 0 0 1 0 0 0 0 0 0 0 1 0 0 0 0 0 0 0 1 0 0 0 0 0 0 0 0 0 0 0 0 0 0 0 0 2 0 0 121 58 33 0 1 0 0 0 0 0 0 0 0 0 0 0 2 0 0 0 0 0 3 0 1 0 0 0 0 0 0 0 255 255 255 255 0 0 0 0 0 0 0 0 data 0 oops 0
ciMethod java/util/HashMap$TreeNode putTreeVal (Ljava/util/HashMap;[Ljava/util/HashMap$Node;ILjava/lang/Object;Ljava/lang/Object;)Ljava/util/HashMap$TreeNode; 0 0 1 0 -1
ciMethod java/util/HashMap$TreeNode split (Ljava/util/HashMap;[Ljava/util/HashMap$Node;II)V 0 0 1 0 -1
ciMethod java/util/HashSet add (Ljava/lang/Object;)Z 4097 1 3375 0 0
ciMethodData java/util/HashMap hash (Ljava/lang/Object;)I 2 73726 orig 264 48 167 13 10 1 0 0 0 208 101 161 28 1 0 0 0 176 1 0 0 32 0 0 0 0 0 0 0 0 0 0 0 0 0 0 0 0 0 0 0 0 0 0 0 0 0 0 0 0 0 0 0 0 0 0 0 0 0 0 0 0 0 0 0 0 0 0 0 0 0 0 0 0 0 0 0 0 0 0 0 77 68 79 32 101 120 116 114 97 32 100 97 116 97 32 108 111 99 107 0 0 0 0 0 0 0 0 0 0 0 0 0 0 0 0 0 0 0 0 0 0 0 0 0 0 0 0 0 0 0 0 0 0 0 0 0 0 0 0 0 0 0 0 0 0 0 0 0 0 0 0 0 0 0 0 0 0 0 0 0 0 0 0 0 0 0 0 0 0 0 0 0 0 0 0 0 0 0 0 0 0 0 0 0 0 0 0 0 0 0 0 0 0 0 0 0 0 0 0 0 0 0 0 0 0 0 0 0 0 0 0 0 0 0 0 0 81 1 0 0 89 245 8 0 1 0 0 0 0 0 0 0 0 0 0 0 2 0 0 0 0 0 6 0 2 0 0 0 104 0 0 0 255 255 255 255 7 0 1 0 0 0 0 0 data 13 0x10007 0x11eb2 0x38 0x0 0x50003 0x0 0x48 0x90005 0x7922 0x7fa3ea83f420 0x2f94 0x7fa3ea010010 0xc oops 2